mode: atomic
pulse-backend/internal/db/db.go:18.24,22.2 3 0
pulse-backend/internal/db/db.go:25.41,29.18 3 0
pulse-backend/internal/db/db.go:29.18,31.3 1 0
pulse-backend/internal/db/db.go:33.2,34.16 2 0
pulse-backend/internal/db/db.go:34.16,36.25 1 0
pulse-backend/internal/db/db.go:36.25,38.4 1 0
pulse-backend/internal/db/db.go:39.3,39.18 1 0
pulse-backend/internal/db/db.go:42.2,43.56 2 0
pulse-backend/internal/db/db.go:43.56,45.3 1 0
pulse-backend/internal/db/db.go:46.2,46.19 1 0
pulse-backend/internal/db/db.go:50.44,54.18 3 0
pulse-backend/internal/db/db.go:54.18,56.3 1 0
pulse-backend/internal/db/db.go:58.2,59.16 2 0
pulse-backend/internal/db/db.go:59.16,61.3 1 0
pulse-backend/internal/db/db.go:62.2,62.48 1 0
pulse-backend/internal/response/response.go:12.75,16.2 3 0
pulse-backend/internal/response/response.go:19.91,29.2 1 0
pulse-backend/internal/response/response.go:32.92,34.27 2 0
pulse-backend/internal/response/response.go:34.27,36.3 1 0
pulse-backend/internal/response/response.go:37.2,39.13 2 0
pulse-backend/internal/handlers/auth.go:16.60,17.33 1 0
pulse-backend/internal/handlers/auth.go:17.33,22.3 4 0
pulse-backend/internal/handlers/auth.go:24.2,25.61 2 0
pulse-backend/internal/handlers/auth.go:25.61,30.3 4 0
pulse-backend/internal/handlers/auth.go:32.2,33.20 2 0
pulse-backend/internal/handlers/auth.go:33.20,37.3 3 0
pulse-backend/internal/handlers/auth.go:39.2,44.52 3 0
pulse-backend/internal/handlers/auth.go:48.59,49.33 1 0
pulse-backend/internal/handlers/auth.go:49.33,54.3 4 0
pulse-backend/internal/handlers/auth.go:56.2,57.61 2 0
pulse-backend/internal/handlers/auth.go:57.61,62.3 4 0
pulse-backend/internal/handlers/auth.go:64.2,65.20 2 0
pulse-backend/internal/handlers/auth.go:65.20,69.3 3 0
pulse-backend/internal/handlers/auth.go:71.2,79.47 4 0
pulse-backend/internal/handlers/auth.go:83.59,84.32 1 0
pulse-backend/internal/handlers/auth.go:84.32,89.3 4 0
pulse-backend/internal/handlers/auth.go:91.2,92.16 2 0
pulse-backend/internal/handlers/auth.go:92.16,97.3 4 0
pulse-backend/internal/handlers/auth.go:99.2,100.26 2 0
pulse-backend/internal/handlers/auth.go:100.26,102.3 1 0
pulse-backend/internal/handlers/auth.go:104.2,109.47 3 0
pulse-backend/internal/handlers/auth.go:113.60,114.32 1 0
pulse-backend/internal/handlers/auth.go:114.32,119.3 4 0
pulse-backend/internal/handlers/auth.go:121.2,127.47 3 0
pulse-backend/internal/handlers/auth.go:131.62,135.2 3 0
pulse-backend/internal/models/user.go:33.37,41.2 1 0
pulse-backend/cmd/server/main.go:14.13,17.16 2 1
pulse-backend/cmd/server/main.go:17.16,19.3 1 0
pulse-backend/cmd/server/main.go:20.2,23.48 4 1
pulse-backend/cmd/server/main.go:26.13,44.53 12 0
pulse-backend/cmd/server/main.go:44.53,46.3 1 0
pulse-backend/cmd/server/main.go:50.56,51.71 1 0
pulse-backend/cmd/server/main.go:51.71,54.3 2 0
pulse-backend/cmd/server/main.go:58.53,59.71 1 0
pulse-backend/cmd/server/main.go:59.71,63.28 4 0
pulse-backend/cmd/server/main.go:63.28,66.4 2 0
pulse-backend/cmd/server/main.go:67.3,67.23 1 0
pulse-backend/internal/crypto/crypto.go:16.61,18.16 2 11
pulse-backend/internal/crypto/crypto.go:18.16,20.3 1 0
pulse-backend/internal/crypto/crypto.go:21.2,22.37 2 11
pulse-backend/internal/crypto/crypto.go:26.73,28.16 2 7
pulse-backend/internal/crypto/crypto.go:28.16,30.3 1 0
pulse-backend/internal/crypto/crypto.go:31.2,31.36 1 7
pulse-backend/internal/crypto/crypto.go:35.37,37.40 2 5
pulse-backend/internal/crypto/crypto.go:37.40,39.3 1 0
pulse-backend/internal/crypto/crypto.go:40.2,40.35 1 5
pulse-backend/internal/crypto/crypto.go:44.38,46.40 2 2
pulse-backend/internal/crypto/crypto.go:46.40,48.3 1 0
pulse-backend/internal/crypto/crypto.go:49.2,49.35 1 2
pulse-backend/internal/crypto/crypto.go:53.26,60.2 3 2
pulse-backend/internal/crypto/crypto.go:63.32,65.12 2 2
pulse-backend/internal/crypto/crypto.go:65.12,67.3 1 0
pulse-backend/internal/crypto/crypto.go:68.2,69.12 2 2
pulse-backend/internal/crypto/crypto.go:69.12,72.3 2 16
pulse-backend/internal/crypto/crypto.go:73.2,73.20 1 2
pulse-backend/internal/crypto/crypto.go:77.74,79.29 2 6
pulse-backend/internal/crypto/crypto.go:79.29,80.10 1 60
pulse-backend/internal/crypto/crypto.go:81.27,82.19 1 15
pulse-backend/internal/crypto/crypto.go:83.27,84.19 1 31
pulse-backend/internal/crypto/crypto.go:85.28,86.20 1 14
pulse-backend/internal/crypto/crypto.go:89.2,92.15 3 6
pulse-backend/internal/crypto/crypto.go:92.15,94.3 1 1
pulse-backend/internal/crypto/crypto.go:95.2,95.15 1 6
pulse-backend/internal/crypto/crypto.go:95.15,97.3 1 1
pulse-backend/internal/crypto/crypto.go:98.2,98.16 1 6
pulse-backend/internal/crypto/crypto.go:98.16,100.3 1 1
pulse-backend/internal/crypto/crypto.go:101.2,101.13 1 6
pulse-backend/internal/crypto/crypto.go:101.13,103.3 1 1
pulse-backend/internal/crypto/crypto.go:105.2,109.3 1 6
pulse-backend/internal/auth/service.go:11.77,14.25 2 32
pulse-backend/internal/auth/service.go:14.25,24.3 1 7
pulse-backend/internal/auth/service.go:27.2,28.16 2 25
pulse-backend/internal/auth/service.go:28.16,38.3 1 0
pulse-backend/internal/auth/service.go:41.2,41.26 1 25
pulse-backend/internal/auth/service.go:41.26,42.57 1 19
pulse-backend/internal/auth/service.go:42.57,55.4 1 3
pulse-backend/internal/auth/service.go:59.2,60.16 2 22
pulse-backend/internal/auth/service.go:60.16,70.3 1 0
pulse-backend/internal/auth/service.go:72.2,73.16 2 22
pulse-backend/internal/auth/service.go:73.16,83.3 1 0
pulse-backend/internal/auth/service.go:86.2,104.45 3 22
pulse-backend/internal/auth/service.go:104.45,114.3 1 0
pulse-backend/internal/auth/service.go:116.2,116.22 1 22
pulse-backend/internal/auth/service.go:120.83,123.16 2 16
pulse-backend/internal/auth/service.go:123.16,133.3 1 0
pulse-backend/internal/auth/service.go:136.2,137.23 2 16
pulse-backend/internal/auth/service.go:137.23,138.34 1 17
pulse-backend/internal/auth/service.go:138.34,140.9 2 14
pulse-backend/internal/auth/service.go:144.2,144.17 1 16
pulse-backend/internal/auth/service.go:144.17,153.3 1 2
pulse-backend/internal/auth/service.go:156.2,157.26 2 14
pulse-backend/internal/auth/service.go:157.26,166.3 1 8
pulse-backend/internal/auth/service.go:169.2,170.16 2 6
pulse-backend/internal/auth/service.go:170.16,180.3 1 0
pulse-backend/internal/auth/service.go:182.2,182.25 1 6
